<?xml version="1.0" encoding="UTF-8"?>
<testng-results ignored="0" total="9" passed="9" failed="0" skipped="0">
  <reporter-output>
  </reporter-output>
  <suite started-at="2025-01-20T11:07:49 IST" name="Default suite" finished-at="2025-01-20T11:08:37 IST" duration-ms="48661">
    <groups>
      <group name="cucumber">
        <method signature="AbstractTestNGCucumberTests.runScenario(io.cucumber.testng.PickleWrapper,io.cucumber.testng.FeatureWrapper)[pri:0, instance:TestRunner.CucumberRunner@5afa3c9]" name="runScenario" class="io.cucumber.testng.AbstractTestNGCucumberTests"/>
      </group> <!-- cucumber -->
    </groups>
    <test started-at="2025-01-20T11:07:49 IST" name="Default test" finished-at="2025-01-20T11:08:37 IST" duration-ms="48661">
      <class name="TestRunner.CucumberRunner">
        <test-method is-config="true" signature="setUpClass(org.testng.ITestContext)[pri:0, instance:TestRunner.CucumberRunner@5afa3c9]" started-at="2025-01-20T11:07:49 IST" name="setUpClass" finished-at="2025-01-20T11:07:49 IST" duration-ms="523" status="PASS">
          <params>
            <param index="0">
              <value>
                <![CDATA[org.testng.TestRunner@7f3fc42f]]>
              </value>
            </param>
          </params>
          <reporter-output>
          </reporter-output>
        </test-method> <!-- setUpClass -->
        <test-method signature="runScenario(io.cucumber.testng.PickleWrapper,io.cucumber.testng.FeatureWrapper)[pri:0, instance:TestRunner.CucumberRunner@5afa3c9]" started-at="2025-01-20T11:07:49 IST" name="runScenario" description="Runs Cucumber Scenarios" data-provider="scenarios" finished-at="2025-01-20T11:07:54 IST" duration-ms="4907" status="PASS">
          <params>
            <param index="0">
              <value>
                <![CDATA["Check login is successful with correct credentials"]]>
              </value>
            </param>
            <param index="1">
              <value>
                <![CDATA["Expleo Insurance Demo"]]>
              </value>
            </param>
          </params>
          <reporter-output>
          </reporter-output>
        </test-method> <!-- runScenario -->
        <test-method signature="runScenario(io.cucumber.testng.PickleWrapper,io.cucumber.testng.FeatureWrapper)[pri:0, instance:TestRunner.CucumberRunner@5afa3c9]" started-at="2025-01-20T11:07:54 IST" name="runScenario" description="Runs Cucumber Scenarios" data-provider="scenarios" finished-at="2025-01-20T11:07:58 IST" duration-ms="4321" status="PASS">
          <params>
            <param index="0">
              <value>
                <![CDATA["Check logout is successful"]]>
              </value>
            </param>
            <param index="1">
              <value>
                <![CDATA["Logout of Expleo Insurance"]]>
              </value>
            </param>
          </params>
          <reporter-output>
          </reporter-output>
        </test-method> <!-- runScenario -->
        <test-method signature="runScenario(io.cucumber.testng.PickleWrapper,io.cucumber.testng.FeatureWrapper)[pri:0, instance:TestRunner.CucumberRunner@5afa3c9]" started-at="2025-01-20T11:07:58 IST" name="runScenario" description="Runs Cucumber Scenarios" data-provider="scenarios" finished-at="2025-01-20T11:08:03 IST" duration-ms="4688" status="PASS">
          <params>
            <param index="0">
              <value>
                <![CDATA["User can able to Register New Account"]]>
              </value>
            </param>
            <param index="1">
              <value>
                <![CDATA["Register New Account"]]>
              </value>
            </param>
          </params>
          <reporter-output>
          </reporter-output>
        </test-method> <!-- runScenario -->
        <test-method signature="runScenario(io.cucumber.testng.PickleWrapper,io.cucumber.testng.FeatureWrapper)[pri:0, instance:TestRunner.CucumberRunner@5afa3c9]" started-at="2025-01-20T11:08:03 IST" name="runScenario" description="Runs Cucumber Scenarios" data-provider="scenarios" finished-at="2025-01-20T11:08:07 IST" duration-ms="3866" status="PASS">
          <params>
            <param index="0">
              <value>
                <![CDATA["User is changing the password"]]>
              </value>
            </param>
            <param index="1">
              <value>
                <![CDATA["Forgot Password"]]>
              </value>
            </param>
          </params>
          <reporter-output>
          </reporter-output>
        </test-method> <!-- runScenario -->
        <test-method signature="runScenario(io.cucumber.testng.PickleWrapper,io.cucumber.testng.FeatureWrapper)[pri:0, instance:TestRunner.CucumberRunner@5afa3c9]" started-at="2025-01-20T11:08:07 IST" name="runScenario" description="Runs Cucumber Scenarios" data-provider="scenarios" finished-at="2025-01-20T11:08:14 IST" duration-ms="7253" status="PASS">
          <params>
            <param index="0">
              <value>
                <![CDATA["User can able to apply new insurance"]]>
              </value>
            </param>
            <param index="1">
              <value>
                <![CDATA["Creating New Insurance"]]>
              </value>
            </param>
          </params>
          <reporter-output>
          </reporter-output>
        </test-method> <!-- runScenario -->
        <test-method signature="runScenario(io.cucumber.testng.PickleWrapper,io.cucumber.testng.FeatureWrapper)[pri:0, instance:TestRunner.CucumberRunner@5afa3c9]" started-at="2025-01-20T11:08:14 IST" name="runScenario" description="Runs Cucumber Scenarios" data-provider="scenarios" finished-at="2025-01-20T11:08:18 IST" duration-ms="3773" status="PASS">
          <params>
            <param index="0">
              <value>
                <![CDATA["Claim management"]]>
              </value>
            </param>
            <param index="1">
              <value>
                <![CDATA["Claims Management Page"]]>
              </value>
            </param>
          </params>
          <reporter-output>
          </reporter-output>
        </test-method> <!-- runScenario -->
        <test-method signature="runScenario(io.cucumber.testng.PickleWrapper,io.cucumber.testng.FeatureWrapper)[pri:0, instance:TestRunner.CucumberRunner@5afa3c9]" started-at="2025-01-20T11:08:18 IST" name="runScenario" description="Runs Cucumber Scenarios" data-provider="scenarios" finished-at="2025-01-20T11:08:22 IST" duration-ms="4206" status="PASS">
          <params>
            <param index="0">
              <value>
                <![CDATA["Check Payment is done"]]>
              </value>
            </param>
            <param index="1">
              <value>
                <![CDATA["Payment for Insurance"]]>
              </value>
            </param>
          </params>
          <reporter-output>
          </reporter-output>
        </test-method> <!-- runScenario -->
        <test-method signature="runScenario(io.cucumber.testng.PickleWrapper,io.cucumber.testng.FeatureWrapper)[pri:0, instance:TestRunner.CucumberRunner@5afa3c9]" started-at="2025-01-20T11:08:22 IST" name="runScenario" description="Runs Cucumber Scenarios" data-provider="scenarios" finished-at="2025-01-20T11:08:26 IST" duration-ms="3974" status="PASS">
          <params>
            <param index="0">
              <value>
                <![CDATA["Check quote generation is successful"]]>
              </value>
            </param>
            <param index="1">
              <value>
                <![CDATA["Quote Generation"]]>
              </value>
            </param>
          </params>
          <reporter-output>
          </reporter-output>
        </test-method> <!-- runScenario -->
        <test-method signature="runScenario(io.cucumber.testng.PickleWrapper,io.cucumber.testng.FeatureWrapper)[pri:0, instance:TestRunner.CucumberRunner@5afa3c9]" started-at="2025-01-20T11:08:26 IST" name="runScenario" description="Runs Cucumber Scenarios" data-provider="scenarios" finished-at="2025-01-20T11:08:37 IST" duration-ms="11025" status="PASS">
          <params>
            <param index="0">
              <value>
                <![CDATA["Support Page"]]>
              </value>
            </param>
            <param index="1">
              <value>
                <![CDATA["Expleo Insurance Support"]]>
              </value>
            </param>
          </params>
          <reporter-output>
          </reporter-output>
        </test-method> <!-- runScenario -->
        <test-method is-config="true" signature="tearDownClass()[pri:0, instance:TestRunner.CucumberRunner@5afa3c9]" started-at="2025-01-20T11:08:37 IST" name="tearDownClass" finished-at="2025-01-20T11:08:37 IST" duration-ms="66" status="PASS">
          <reporter-output>
          </reporter-output>
        </test-method> <!-- tearDownClass -->
      </class> <!-- TestRunner.CucumberRunner -->
    </test> <!-- Default test -->
  </suite> <!-- Default suite -->
</testng-results>
